#
# A fatal error has been detected by the Java Runtime Environment:
#
#  EXCEPTION_ACCESS_VIOLATION (0xc0000005) at pc=0x000000006cb5f720, pid=10024, tid=0x0000000000001d14
#
# JRE version: Java(TM) SE Runtime Environment (8.0_101-b13) (build 1.8.0_101-b13)
# Java VM: Java HotSpot(TM) 64-Bit Server VM (25.101-b13 mixed mode windows-amd64 compressed oops)
# Problematic frame:
# V  [jvm.dll+0xaf720]
#
# Failed to write core dump. Minidumps are not enabled by default on client versions of Windows
#
# If you would like to submit a bug report, please visit:
#   http://bugreport.java.com/bugreport/crash.jsp
#

---------------  T H R E A D  ---------------

Current thread (0x0000000002417000):  GCTaskThread [stack: 0x0000000011c30000,0x0000000011d30000] [id=7444]

siginfo: ExceptionCode=0xc0000005, reading address 0x0000000000000008

Registers:
RAX=0x0000000000000001, RBX=0x00000000efa0c890, RCX=0x00000000efa0c890, RDX=0x0000000000000000
RSP=0x0000000011d2f658, RBP=0x0000000000000000, RSI=0x0000000014bb5240, RDI=0x00000000167e5900
R8 =0x0000000014bb5240, R9 =0x000000000000000f, R10=0x0000000000000008, R11=0x00000000f5180000
R12=0x000000006d1037c8, R13=0x000000002001092d, R14=0x0000000000000000, R15=0x00000000024174d0
RIP=0x000000006cb5f720, EFLAGS=0x0000000000010246

Top of Stack: (sp=0x0000000011d2f658)
0x0000000011d2f658:   000000006ceb06d2 00000000ec4fdfb8
0x0000000011d2f668:   0000000000000004 0000000014bb5240
0x0000000011d2f678:   0000000014bb5240 0000000000000000
0x0000000011d2f688:   000000006ceb0e1b 00000000c1a72740
0x0000000011d2f698:   0000000000000400 0000000000000000
0x0000000011d2f6a8:   000000000240e601 000000006d1037c8
0x0000000011d2f6b8:   000000006ceb0a40 00000000c1a74098
0x0000000011d2f6c8:   0000000000000000 0000000014bb5240
0x0000000011d2f6d8:   00000000167e5900 00000000c1a74098
0x0000000011d2f6e8:   000000006ceb1415 0000000000000001
0x0000000011d2f6f8:   000000006d1037c8 00000000c1a577f8
0x0000000011d2f708:   000000006ceb0951 00000000eba21d48
0x0000000011d2f718:   0000000000000005 0000000014bb5240
0x0000000011d2f728:   000000f100000095 0000000000000200
0x0000000011d2f738:   000000f100000096 00000000024017d0
0x0000000011d2f748:   000000f100000095 00000000024174c0 

Instructions: (pc=0x000000006cb5f720)
0x000000006cb5f700:   0c b7 1d 00 48 8b 9c 24 d0 00 00 00 48 81 c4 c0
0x000000006cb5f710:   00 00 00 5d c3 cc cc cc cc cc cc cc cc cc cc cc
0x000000006cb5f720:   44 8b 42 08 4c 8b ca 45 85 c0 7e 0e 41 f6 c0 01
0x000000006cb5f730:   75 57 41 c1 f8 03 41 8b c0 c3 79 4d 80 3d 2e bc 


Register to memory mapping:

RAX=0x0000000000000001 is an unknown value
RBX=0x00000000efa0c890 is an oop

[error occurred during error reporting (printing register info), id 0xc0000005]

Stack: [0x0000000011c30000,0x0000000011d30000],  sp=0x0000000011d2f658,  free space=1021k
Native frames: (J=compiled Java code, j=interpreted, Vv=VM code, C=native code)


---------------  P R O C E S S  ---------------

Java Threads: ( => current thread )
  0x00000000166ea000 JavaThread "pool-2-thread-4" [_thread_blocked, id=5896, stack(0x0000000017750000,0x0000000017850000)]
  0x00000000166e9000 JavaThread "pool-2-thread-3" [_thread_blocked, id=836, stack(0x0000000017650000,0x0000000017750000)]
  0x00000000166e8800 JavaThread "pool-2-thread-2" [_thread_blocked, id=9280, stack(0x0000000017550000,0x0000000017650000)]
  0x0000000016782800 JavaThread "pool-3-thread-1" [_thread_blocked, id=1748, stack(0x0000000017450000,0x0000000017550000)]
  0x0000000016782000 JavaThread "pool-2-thread-1" [_thread_blocked, id=1056, stack(0x0000000017350000,0x0000000017450000)]
  0x000000001645d800 JavaThread "Service Thread" daemon [_thread_blocked, id=8380, stack(0x0000000016950000,0x0000000016a50000)]
  0x0000000014c4e800 JavaThread "C1 CompilerThread2" daemon [_thread_blocked, id=9864, stack(0x0000000016850000,0x0000000016950000)]
  0x0000000014bf7000 JavaThread "C2 CompilerThread1" daemon [_thread_blocked, id=8376, stack(0x0000000016350000,0x0000000016450000)]
  0x0000000014bf3800 JavaThread "C2 CompilerThread0" daemon [_thread_in_native, id=2028, stack(0x0000000016250000,0x0000000016350000)]
  0x0000000014bf2000 JavaThread "Attach Listener" daemon [_thread_blocked, id=9564, stack(0x0000000016150000,0x0000000016250000)]
  0x0000000014bf1000 JavaThread "Signal Dispatcher" daemon [_thread_blocked, id=4812, stack(0x0000000016050000,0x0000000016150000)]
  0x0000000014bda800 JavaThread "Finalizer" daemon [_thread_blocked, id=8832, stack(0x0000000015e50000,0x0000000015f50000)]
  0x00000000024ef800 JavaThread "Reference Handler" daemon [_thread_blocked, id=6464, stack(0x0000000015d50000,0x0000000015e50000)]
  0x00000000007fe000 JavaThread "main" [_thread_blocked, id=7972, stack(0x0000000000a90000,0x0000000000b90000)]

Other Threads:
  0x0000000014bb8800 VMThread [stack: 0x0000000015c50000,0x0000000015d50000] [id=7080]
  0x0000000016461800 WatcherThread [stack: 0x0000000016a50000,0x0000000016b50000] [id=4632]

=>0x0000000002417000 (exited) GCTaskThread [stack: 0x0000000011c30000,0x0000000011d30000] [id=7444]

VM state:at safepoint (normal execution)

VM Mutex/Monitor currently owned by a thread:  ([mutex/lock_event])
[0x00000000007fc2f0] Threads_lock - owner thread: 0x0000000014bb8800
[0x00000000007fc470] Heap_lock - owner thread: 0x00000000007fe000

Heap:
 PSYoungGen      total 88576K, used 88553K [0x00000000eab00000, 0x00000000f5800000, 0x0000000100000000)
  eden space 81920K, 100% used [0x00000000eab00000,0x00000000efb00000,0x00000000efb00000)
  from space 6656K, 99% used [0x00000000efb00000,0x00000000f017a550,0x00000000f0180000)
  to   space 6656K, 99% used [0x00000000f5180000,0x00000000f57fd3e0,0x00000000f5800000)
 ParOldGen       total 109568K, used 30641K [0x00000000c0000000, 0x00000000c6b00000, 0x00000000eab00000)
  object space 109568K, 27% used [0x00000000c0000000,0x00000000c1dec740,0x00000000c6b00000)
 Metaspace       used 6468K, capacity 7192K, committed 7424K, reserved 1056768K
  class space    used 625K, capacity 656K, committed 768K, reserved 1048576K

Card table byte_map: [0x00000000118c0000,0x0000000011ad0000] byte_map_base: 0x00000000112c0000

Marking Bits: (ParMarkBitMap*) 0x000000006d2ca6d0
 Begin Bits: [0x0000000012030000, 0x0000000013030000)
 End Bits:   [0x0000000013030000, 0x0000000014030000)

Polling page: 0x0000000000b90000

CodeCache: size=245760Kb used=8244Kb max_used=8256Kb free=237515Kb
 bounds [0x0000000002500000, 0x0000000002d20000, 0x0000000011500000]
 total_blobs=2160 nmethods=1891 adapters=182
 compilation: enabled

Compilation events (10 events):
Event: 4.347 Thread 0x0000000014c4e800 1947       2       com.android.dx.rop.code.Rop::<init> (15 bytes)
Event: 4.348 Thread 0x0000000014c4e800 nmethod 1947 0x0000000002cf7850 code [0x0000000002cf79c0, 0x0000000002cf7b68]
Event: 4.348 Thread 0x0000000014bf7000 nmethod 1864 0x0000000002d13650 code [0x0000000002d13900, 0x0000000002d154b0]
Event: 4.348 Thread 0x0000000014bf7000 1931       4       com.android.dx.ssa.SCCP::simulateBranch (666 bytes)
Event: 4.350 Thread 0x0000000014c4e800 1948       2       java.util.ArrayDeque::pollFirst (42 bytes)
Event: 4.351 Thread 0x0000000014c4e800 nmethod 1948 0x0000000002cf8cd0 code [0x0000000002cf8e40, 0x0000000002cf9010]
Event: 4.351 Thread 0x0000000014c4e800 1949       2       java.util.ArrayDeque::addLast (53 bytes)
Event: 4.351 Thread 0x0000000014c4e800 nmethod 1949 0x0000000002cf86d0 code [0x0000000002cf8860, 0x0000000002cf8b18]
Event: 4.351 Thread 0x0000000014c4e800 1950 %     3       java.lang.String::lastIndexOf @ 62 (151 bytes)
Event: 4.351 Thread 0x0000000014c4e800 nmethod 1950% 0x0000000002cf6b90 code [0x0000000002cf6d40, 0x0000000002cf7370]

GC Heap History (7 events):
Event: 1.407 GC heap before
{Heap before GC invocations=1 (full 0):
 PSYoungGen      total 47616K, used 40960K [0x00000000eab00000, 0x00000000ee000000, 0x0000000100000000)
  eden space 40960K, 100% used [0x00000000eab00000,0x00000000ed300000,0x00000000ed300000)
  from space 6656K, 0% used [0x00000000ed980000,0x00000000ed980000,0x00000000ee000000)
  to   space 6656K, 0% used [0x00000000ed300000,0x00000000ed300000,0x00000000ed980000)
 ParOldGen       total 109568K, used 0K [0x00000000c0000000, 0x00000000c6b00000, 0x00000000eab00000)
  object space 109568K, 0% used [0x00000000c0000000,0x00000000c0000000,0x00000000c6b00000)
 Metaspace       used 6077K, capacity 6962K, committed 7040K, reserved 1056768K
  class space    used 603K, capacity 618K, committed 640K, reserved 1048576K
Event: 1.530 GC heap after
Heap after GC invocations=1 (full 0):
 PSYoungGen      total 47616K, used 6642K [0x00000000eab00000, 0x00000000f0800000, 0x0000000100000000)
  eden space 40960K, 0% used [0x00000000eab00000,0x00000000eab00000,0x00000000ed300000)
  from space 6656K, 99% used [0x00000000ed300000,0x00000000ed97c888,0x00000000ed980000)
  to   space 6656K, 0% used [0x00000000f0180000,0x00000000f0180000,0x00000000f0800000)
 ParOldGen       total 109568K, used 683K [0x00000000c0000000, 0x00000000c6b00000, 0x00000000eab00000)
  object space 109568K, 0% used [0x00000000c0000000,0x00000000c00aaef8,0x00000000c6b00000)
 Metaspace       used 6077K, capacity 6962K, committed 7040K, reserved 1056768K
  class space    used 603K, capacity 618K, committed 640K, reserved 1048576K
}
Event: 2.453 GC heap before
{Heap before GC invocations=2 (full 0):
 PSYoungGen      total 47616K, used 47602K [0x00000000eab00000, 0x00000000f0800000, 0x0000000100000000)
  eden space 40960K, 100% used [0x00000000eab00000,0x00000000ed300000,0x00000000ed300000)
  from space 6656K, 99% used [0x00000000ed300000,0x00000000ed97c888,0x00000000ed980000)
  to   space 6656K, 0% used [0x00000000f0180000,0x00000000f0180000,0x00000000f0800000)
 ParOldGen       total 109568K, used 683K [0x00000000c0000000, 0x00000000c6b00000, 0x00000000eab00000)
  object space 109568K, 0% used [0x00000000c0000000,0x00000000c00aaef8,0x00000000c6b00000)
 Metaspace       used 6239K, capacity 7090K, committed 7296K, reserved 1056768K
  class space    used 604K, capacity 618K, committed 640K, reserved 1048576K
Event: 2.511 GC heap after
Heap after GC invocations=2 (full 0):
 PSYoungGen      total 88576K, used 6635K [0x00000000eab00000, 0x00000000f0800000, 0x0000000100000000)
  eden space 81920K, 0% used [0x00000000eab00000,0x00000000eab00000,0x00000000efb00000)
  from space 6656K, 99% used [0x00000000f0180000,0x00000000f07faeb8,0x00000000f0800000)
  to   space 6656K, 0% used [0x00000000efb00000,0x00000000efb00000,0x00000000f0180000)
 ParOldGen       total 109568K, used 5076K [0x00000000c0000000, 0x00000000c6b00000, 0x00000000eab00000)
  object space 109568K, 4% used [0x00000000c0000000,0x00000000c04f5228,0x00000000c6b00000)
 Metaspace       used 6239K, capacity 7090K, committed 7296K, reserved 1056768K
  class space    used 604K, capacity 618K, committed 640K, reserved 1048576K
}
Event: 3.262 GC heap before
{Heap before GC invocations=3 (full 0):
 PSYoungGen      total 88576K, used 88555K [0x00000000eab00000, 0x00000000f0800000, 0x0000000100000000)
  eden space 81920K, 100% used [0x00000000eab00000,0x00000000efb00000,0x00000000efb00000)
  from space 6656K, 99% used [0x00000000f0180000,0x00000000f07faeb8,0x00000000f0800000)
  to   space 6656K, 0% used [0x00000000efb00000,0x00000000efb00000,0x00000000f0180000)
 ParOldGen       total 109568K, used 5076K [0x00000000c0000000, 0x00000000c6b00000, 0x00000000eab00000)
  object space 109568K, 4% used [0x00000000c0000000,0x00000000c04f5228,0x00000000c6b00000)
 Metaspace       used 6318K, capacity 7154K, committed 7296K, reserved 1056768K
  class space    used 604K, capacity 618K, committed 640K, reserved 1048576K
Event: 3.297 GC heap after
Heap after GC invocations=3 (full 0):
 PSYoungGen      total 88576K, used 6633K [0x00000000eab00000, 0x00000000f5800000, 0x0000000100000000)
  eden space 81920K, 0% used [0x00000000eab00000,0x00000000eab00000,0x00000000efb00000)
  from space 6656K, 99% used [0x00000000efb00000,0x00000000f017a550,0x00000000f0180000)
  to   space 6656K, 0% used [0x00000000f5180000,0x00000000f5180000,0x00000000f5800000)
 ParOldGen       total 109568K, used 17994K [0x00000000c0000000, 0x00000000c6b00000, 0x00000000eab00000)
  object space 109568K, 16% used [0x00000000c0000000,0x00000000c11929b8,0x00000000c6b00000)
 Metaspace       used 6318K, capacity 7154K, committed 7296K, reserved 1056768K
  class space    used 604K, capacity 618K, committed 640K, reserved 1048576K
}
Event: 4.413 GC heap before
{Heap before GC invocations=4 (full 0):
 PSYoungGen      total 88576K, used 88553K [0x00000000eab00000, 0x00000000f5800000, 0x0000000100000000)
  eden space 81920K, 100% used [0x00000000eab00000,0x00000000efb00000,0x00000000efb00000)
  from space 6656K, 99% used [0x00000000efb00000,0x00000000f017a550,0x00000000f0180000)
  to   space 6656K, 0% used [0x00000000f5180000,0x00000000f5180000,0x00000000f5800000)
 ParOldGen       total 109568K, used 17994K [0x00000000c0000000, 0x00000000c6b00000, 0x00000000eab00000)
  object space 109568K, 16% used [0x00000000c0000000,0x00000000c11929b8,0x00000000c6b00000)
 Metaspace       used 6468K, capacity 7192K, committed 7424K, reserved 1056768K
  class space    used 625K, capacity 656K, committed 768K, reserved 1048576K

Deoptimization events (10 events):
Event: 3.729 Thread 0x0000000016782000 Uncommon trap: reason=bimorphic action=maybe_recompile pc=0x0000000002cba790 method=com.android.dx.rop.code.RegisterSpec.withSimpleType()Lcom/android/dx/rop/code/RegisterSpec; @ 21
Event: 3.748 Thread 0x00000000166e9000 Uncommon trap: reason=unstable_if action=reinterpret pc=0x000000000270c3c8 method=java.util.HashMap.getNode(ILjava/lang/Object;)Ljava/util/HashMap$Node; @ 84
Event: 3.753 Thread 0x00000000166e9000 Uncommon trap: reason=unstable_if action=reinterpret pc=0x00000000028f5218 method=java.util.HashMap.putVal(ILjava/lang/Object;Ljava/lang/Object;ZZ)Ljava/lang/Object; @ 162
Event: 3.914 Thread 0x00000000007fe000 Uncommon trap: reason=bimorphic action=maybe_recompile pc=0x0000000002b75148 method=com.android.dx.ssa.LiteralOpUpgrader.tryReplacingWithConstant(Lcom/android/dx/ssa/NormalSsaInsn;)Z @ 62
Event: 3.945 Thread 0x00000000007fe000 Uncommon trap: reason=unstable_if action=reinterpret pc=0x0000000002b3ffd4 method=com.android.dx.ssa.MoveParamCombiner$1.visitNonMoveInsn(Lcom/android/dx/ssa/NormalSsaInsn;)V @ 27
Event: 4.039 Thread 0x0000000016782000 Uncommon trap: reason=class_check action=maybe_recompile pc=0x0000000002c8ed04 method=com.android.dx.cf.code.BytecodeArray.parseInstruction(ILcom/android/dx/cf/code/BytecodeArray$Visitor;)I @ 1161
Event: 4.039 Thread 0x0000000016782000 Uncommon trap: reason=class_check action=maybe_recompile pc=0x0000000002c8ed04 method=com.android.dx.cf.code.BytecodeArray.parseInstruction(ILcom/android/dx/cf/code/BytecodeArray$Visitor;)I @ 1161
Event: 4.324 Thread 0x00000000166e9000 Uncommon trap: reason=bimorphic action=maybe_recompile pc=0x0000000002cba790 method=com.android.dx.rop.code.RegisterSpec.withSimpleType()Lcom/android/dx/rop/code/RegisterSpec; @ 21
Event: 4.327 Thread 0x00000000166e9000 Uncommon trap: reason=unstable_if action=reinterpret pc=0x0000000002c89d7c method=java.util.HashMap.resize()[Ljava/util/HashMap$Node; @ 206
Event: 4.336 Thread 0x00000000166e9000 Uncommon trap: reason=bimorphic action=maybe_recompile pc=0x0000000002cba790 method=com.android.dx.rop.code.RegisterSpec.withSimpleType()Lcom/android/dx/rop/code/RegisterSpec; @ 21

Internal exceptions (5 events):
Event: 0.065 Thread 0x00000000007fe000 Exception <a 'java/lang/NoSuchMethodError': Method sun.misc.Unsafe.defineClass(Ljava/lang/String;[BII)Ljava/lang/Class; name or signature does not match> (0x00000000eab07cc0) thrown at [C:\re\workspace\8-2-build-windows-amd64-cygwin\jdk8u101\7261\hotspot\sæbT‹„ø∞?
Event: 0.065 Thread 0x00000000007fe000 Exception <a 'java/lang/NoSuchMethodError': Method sun.misc.Unsafe.prefetchRead(Ljava/lang/Object;J)V name or signature does not match> (0x00000000eab07fa8) thrown at [C:\re\workspace\8-2-build-windows-amd64-cygwin\jdk8u101\7261\hotspot\src\share\vm\prims\ v≥+‚|
@
Event: 3.311 Thread 0x00000000166e9000 Exception <a 'java/lang/ArrayIndexOutOfBoundsException': 18> (0x00000000eadf8428) thrown at [C:\re\workspace\8-2-build-windows-amd64-cygwin\jdk8u101\7261\hotspot\src\share\vm\interpreter\interpreterRuntime.cpp, line 366]
Event: 3.311 Thread 0x00000000166e9000 Exception <a 'java/lang/ArrayIndexOutOfBoundsException'> (0x00000000eadf9fa8) thrown at [C:\re\workspace\8-2-build-windows-amd64-cygwin\jdk8u101\7261\hotspot\src\share\vm\runtime\sharedRuntime.cpp, line 605]
Event: 3.312 Thread 0x00000000166e9000 Exception <a 'java/lang/ArrayIndexOutOfBoundsException'> (0x00000000eadfb290) thrown at [C:\re\workspace\8-2-build-windows-amd64-cygwin\jdk8u101\7261\hotspot\src\share\vm\runtime\sharedRuntime.cpp, line 605]

Events (10 events):
Event: 4.324 Thread 0x00000000166e9000 Uncommon trap: trap_request=0xffffffc6 fr.pc=0x0000000002cba790
Event: 4.324 Thread 0x00000000166e9000 DEOPT PACKING pc=0x0000000002cba790 sp=0x000000001774eb10
Event: 4.324 Thread 0x00000000166e9000 DEOPT UNPACKING pc=0x000000000254582a sp=0x000000001774ea88 mode 2
Event: 4.327 Thread 0x00000000166e9000 Uncommon trap: trap_request=0xffffff65 fr.pc=0x0000000002c89d7c
Event: 4.327 Thread 0x00000000166e9000 DEOPT PACKING pc=0x0000000002c89d7c sp=0x000000001774e850
Event: 4.327 Thread 0x00000000166e9000 DEOPT UNPACKING pc=0x000000000254582a sp=0x000000001774e7b8 mode 2
Event: 4.336 Thread 0x00000000166e9000 Uncommon trap: trap_request=0xffffffc6 fr.pc=0x0000000002cba790
Event: 4.336 Thread 0x00000000166e9000 DEOPT PACKING pc=0x0000000002cba790 sp=0x000000001774ea60
Event: 4.336 Thread 0x00000000166e9000 DEOPT UNPACKING pc=0x000000000254582a sp=0x000000001774e9d8 mode 2
Event: 4.353 Executing VM operation: ParallelGCFailedAllocation


Dynamic libraries:
0x00007ff7d0fa0000 - 0x00007ff7d0fd7000 	C:\Program Files\Java\jdk1.8.0_101\bin\java.exe
0x00007ffcb5ee0000 - 0x00007ffcb60a2000 	C:\Windows\SYSTEM32\ntdll.dll
0x00007ffcb5380000 - 0x00007ffcb542d000 	C:\Windows\system32\KERNEL32.DLL
0x00007ffcb33d0000 - 0x00007ffcb35ad000 	C:\Windows\system32\KERNELBASE.dll
0x00007ffcb3b40000 - 0x00007ffcb3be6000 	C:\Windows\system32\ADVAPI32.dll
0x00007ffcb3a20000 - 0x00007ffcb3abd000 	C:\Windows\system32\msvcrt.dll
0x00007ffcb3800000 - 0x00007ffcb385b000 	C:\Windows\system32\sechost.dll
0x00007ffcb5430000 - 0x00007ffcb5556000 	C:\Windows\system32\RPCRT4.dll
0x00007ffcb57f0000 - 0x00007ffcb593e000 	C:\Windows\system32\USER32.dll
0x00007ffcb3670000 - 0x00007ffcb37f5000 	C:\Windows\system32\GDI32.dll
0x00007ffcaed60000 - 0x00007ffcaefd4000 	C:\Windows\WinSxS\amd64_microsoft.windows.common-controls_6595b64144ccf1df_6.0.10240.16384_none_f41f7b285750ef43\COMCTL32.dll
0x00007ffcb5a70000 - 0x00007ffcb5aa6000 	C:\Windows\system32\IMM32.DLL
0x00007ffcb3bf0000 - 0x00007ffcb3d4c000 	C:\Windows\system32\MSCTF.dll
0x000000006c500000 - 0x000000006c5d2000 	C:\Program Files\Java\jdk1.8.0_101\jre\bin\msvcr100.dll
0x000000006cab0000 - 0x000000006d34a000 	C:\Program Files\Java\jdk1.8.0_101\jre\bin\server\jvm.dll
0x00007ffcb5a60000 - 0x00007ffcb5a68000 	C:\Windows\system32\PSAPI.DLL
0x00007ffcabfe0000 - 0x00007ffcabfe9000 	C:\Windows\SYSTEM32\WSOCK32.dll
0x00007ffcb59f0000 - 0x00007ffcb5a59000 	C:\Windows\system32\WS2_32.dll
0x00007ffcb3ac0000 - 0x00007ffcb3ac8000 	C:\Windows\system32\NSI.dll
0x00007ffcb0d40000 - 0x00007ffcb0d63000 	C:\Windows\SYSTEM32\WINMM.dll
0x00007ffcaf170000 - 0x00007ffcaf17a000 	C:\Windows\SYSTEM32\VERSION.dll
0x00007ffcb0c90000 - 0x00007ffcb0cbc000 	C:\Windows\SYSTEM32\WINMMBASE.dll
0x00007ffcb29b0000 - 0x00007ffcb29f4000 	C:\Windows\system32\cfgmgr32.dll
0x00007ffcb11e0000 - 0x00007ffcb1207000 	C:\Windows\SYSTEM32\DEVOBJ.dll
0x000000006c9c0000 - 0x000000006c9cf000 	C:\Program Files\Java\jdk1.8.0_101\jre\bin\verify.dll
0x000000006c990000 - 0x000000006c9b9000 	C:\Program Files\Java\jdk1.8.0_101\jre\bin\java.dll
0x000000006c970000 - 0x000000006c986000 	C:\Program Files\Java\jdk1.8.0_101\jre\bin\zip.dll
0x00007ffcb3e50000 - 0x00007ffcb5373000 	C:\Windows\system32\SHELL32.dll
0x00007ffcb2da0000 - 0x00007ffcb33c9000 	C:\Windows\system32\windows.storage.dll
0x00007ffcb5ab0000 - 0x00007ffcb5d2c000 	C:\Windows\system32\combase.dll
0x00007ffcb5790000 - 0x00007ffcb57e1000 	C:\Windows\system32\shlwapi.dll
0x00007ffcb2910000 - 0x00007ffcb291f000 	C:\Windows\system32\kernel.appcore.dll
0x00007ffcb2c80000 - 0x00007ffcb2d33000 	C:\Windows\system32\shcore.dll
0x00007ffcb2920000 - 0x00007ffcb296a000 	C:\Windows\system32\powrprof.dll
0x00007ffcb2970000 - 0x00007ffcb2983000 	C:\Windows\system32\profapi.dll
0x00007ffca3310000 - 0x00007ffca349a000 	C:\Windows\SYSTEM32\dbghelp.dll

VM Arguments:
jvm_args: -Djava.awt.headless=true -Xmx1024M -Dfile.encoding=windows-1250 -Duser.country=US -Duser.language=en -Duser.variant 
java_command: com.android.dx.command.Main --dex --force-jumbo --num-threads=4 --multi-dex --output C:\Users\Rares - Desktop\Desktop\MusicMap\app\build\intermediates\transforms\dex\debug\folders\1000\10\com.android.support-appcompat-v7-23.2.0_5ed5842c55bfb79b42854bec9abec2cb0cd0bb43 C:\Users\Rares - Desktop\Desktop\MusicMap\app\build\intermediates\exploded-aar\com.android.support\appcompat-v7\23.2.0\jars\classes.jar
java_class_path (initial): C:\Users\Rares - Desktop\AppData\Local\Android\Sdk\build-tools\23.0.2\lib\dx.jar
Launcher Type: SUN_STANDARD

Environment Variables:
PATH=C:\ProgramData\Oracle\Java\javapath;C:\Windows\system32;C:\Windows;C:\Windows\System32\Wbem;C:\Windows\System32\WindowsPowerShell\v1.0\;C:\Program Files (x86)\NVIDIA Corporation\PhysX\Common;C:\Program Files\Microsoft SQL Server\120\Tools\Binn\;C:\Program Files (x86)\Windows Kits\8.1\Windows Performance Toolkit\;C:\Program Files\Microsoft\Web Platform Installer\;C:\Program Files\Microsoft SQL Server\130\Tools\Binn\;C:\Program Files (x86)\Skype\Phone\;C:\Program Files\Git\cmd;C:\Program Files (x86)\MySQL\MySQL Fabric 1.5 & MySQL Utilities 1.5\;C:\Program Files (x86)\MySQL\MySQL Fabric 1.5 & MySQL Utilities 1.5\Doctrine extensions for PHP\;C:\Users\Rares - Desktop\AppData\Local\Programs\Python\Python35-32\Scripts\;C:\Users\Rares - Desktop\AppData\Local\Programs\Python\Python35-32\;C:\Program Files (x86)\Microsoft VS Code\bin
USERNAME=Rares - Desktop
OS=Windows_NT
PROCESSOR_IDENTIFIER=AMD64 Family 16 Model 4 Stepping 3, AuthenticAMD



---------------  S Y S T E M  ---------------

OS: Windows 10.0 , 64 bit Build 10240 (10.0.10240.16384)

CPU:total 4 (4 cores per cpu, 1 threads per core) family 16 model 4 stepping 3, cmov, cx8, fxsr, mmx, sse, sse2, sse3, popcnt, mmxext, 3dnowpref, lzcnt, sse4a, tsc, tscinvbit, tscinv

Memory: 4k page, physical 10483252k(3586928k free), swap 12121652k(1674464k free)

vm_info: Java HotSpot(TM) 64-Bit Server VM (25.101-b13) for windows-amd64 JRE (1.8.0_101-b13), built on Jun 22 2016 01:21:29 by "java_re" with MS VC++ 10.0 (VS2010)

time: Thu Sep 08 22:12:22 2016
elapsed time: 4 seconds (0d 0h 0m 4s)

